{"/Users/momo/Downloads/nodejs/jasmine-hello/spec/specs.js":{"path":"/Users/momo/Downloads/nodejs/jasmine-hello/spec/specs.js","s":{"1":1,"2":1,"3":1,"4":1,"5":1,"6":1,"7":1,"8":1},"b":{},"f":{},"fnMap":{},"statementMap":{"1":{"start":{"line":1,"column":0},"end":{"line":1,"column":35}},"2":{"start":{"line":2,"column":0},"end":{"line":2,"column":60}},"3":{"start":{"line":3,"column":0},"end":{"line":3,"column":30}},"4":{"start":{"line":4,"column":0},"end":{"line":11,"column":3}},"5":{"start":{"line":12,"column":0},"end":{"line":12,"column":30}},"6":{"start":{"line":13,"column":0},"end":{"line":13,"column":25}},"7":{"start":{"line":14,"column":0},"end":{"line":14,"column":52}},"8":{"start":{"line":15,"column":0},"end":{"line":15,"column":18}}},"branchMap":{}},"/Users/momo/Downloads/nodejs/jasmine-hello/spec/helloServiceSpec.js":{"path":"/Users/momo/Downloads/nodejs/jasmine-hello/spec/helloServiceSpec.js","s":{"1":1,"2":1,"3":1,"4":1,"5":1,"6":1,"7":1,"8":1,"9":1,"10":1},"b":{},"f":{},"fnMap":{},"statementMap":{"1":{"start":{"line":1,"column":0},"end":{"line":1,"column":31}},"2":{"start":{"line":3,"column":0},"end":{"line":16,"column":2}},"3":{"start":{"line":4,"column":4},"end":{"line":9,"column":6}},"4":{"start":{"line":5,"column":8},"end":{"line":5,"column":52}},"5":{"start":{"line":6,"column":8},"end":{"line":8,"column":10}},"6":{"start":{"line":7,"column":12},"end":{"line":7,"column":43}},"7":{"start":{"line":10,"column":4},"end":{"line":15,"column":6}},"8":{"start":{"line":11,"column":8},"end":{"line":11,"column":52}},"9":{"start":{"line":12,"column":8},"end":{"line":14,"column":10}},"10":{"start":{"line":13,"column":12},"end":{"line":13,"column":38}}},"branchMap":{}},"/Users/momo/Downloads/nodejs/jasmine-hello/spec/helloSpec.js":{"path":"/Users/momo/Downloads/nodejs/jasmine-hello/spec/helloSpec.js","s":{"1":1,"2":1,"3":1,"4":1,"5":1},"b":{},"f":{},"fnMap":{},"statementMap":{"1":{"start":{"line":1,"column":0},"end":{"line":1,"column":33}},"2":{"start":{"line":3,"column":0},"end":{"line":8,"column":2}},"3":{"start":{"line":4,"column":4},"end":{"line":7,"column":6}},"4":{"start":{"line":5,"column":8},"end":{"line":5,"column":39}},"5":{"start":{"line":6,"column":8},"end":{"line":6,"column":37}}},"branchMap":{}},"/Users/momo/Downloads/nodejs/jasmine-hello/hello.js":{"path":"/Users/momo/Downloads/nodejs/jasmine-hello/hello.js","s":{"1":1,"2":1,"3":1},"b":{},"f":{},"fnMap":{},"statementMap":{"1":{"start":{"line":1,"column":0},"end":{"line":3,"column":1}},"2":{"start":{"line":2,"column":4},"end":{"line":2,"column":18}},"3":{"start":{"line":4,"column":0},"end":{"line":6,"column":1}}},"branchMap":{}},"/Users/momo/Downloads/nodejs/jasmine-hello/helloService.js":{"path":"/Users/momo/Downloads/nodejs/jasmine-hello/helloService.js","s":{"1":0,"2":0,"3":0,"4":0,"5":0,"6":0,"7":0},"b":{},"f":{},"fnMap":{},"statementMap":{"1":{"start":{"line":1,"column":0},"end":{"line":1,"column":34}},"2":{"start":{"line":2,"column":0},"end":{"line":2,"column":24}},"3":{"start":{"line":3,"column":0},"end":{"line":3,"column":32}},"4":{"start":{"line":5,"column":0},"end":{"line":7,"column":2}},"5":{"start":{"line":6,"column":4},"end":{"line":6,"column":28}},"6":{"start":{"line":9,"column":0},"end":{"line":11,"column":2}},"7":{"start":{"line":10,"column":4},"end":{"line":10,"column":42}}},"branchMap":{}}}