{"/Users/momo/Downloads/nodejs/calculator-express-jasmine-istanbul/spec/specs.js":{"path":"/Users/momo/Downloads/nodejs/calculator-express-jasmine-istanbul/spec/specs.js","s":{"1":1,"2":1,"3":1,"4":1,"5":1,"6":1,"7":1,"8":1},"b":{},"f":{},"fnMap":{},"statementMap":{"1":{"start":{"line":1,"column":0},"end":{"line":1,"column":35}},"2":{"start":{"line":2,"column":0},"end":{"line":2,"column":60}},"3":{"start":{"line":3,"column":0},"end":{"line":3,"column":30}},"4":{"start":{"line":4,"column":0},"end":{"line":11,"column":3}},"5":{"start":{"line":12,"column":0},"end":{"line":12,"column":30}},"6":{"start":{"line":13,"column":0},"end":{"line":13,"column":25}},"7":{"start":{"line":14,"column":0},"end":{"line":14,"column":52}},"8":{"start":{"line":15,"column":0},"end":{"line":15,"column":18}}},"branchMap":{}},"/Users/momo/Downloads/nodejs/calculator-express-jasmine-istanbul/spec/serverSpec.js":{"path":"/Users/momo/Downloads/nodejs/calculator-express-jasmine-istanbul/spec/serverSpec.js","s":{"1":1,"2":1,"3":1,"4":1,"5":0,"6":1,"7":1,"8":1,"9":1,"10":1,"11":1},"b":{},"f":{},"fnMap":{},"statementMap":{"1":{"start":{"line":1,"column":0},"end":{"line":1,"column":34}},"2":{"start":{"line":4,"column":0},"end":{"line":20,"column":2}},"3":{"start":{"line":5,"column":4},"end":{"line":9,"column":6}},"4":{"start":{"line":6,"column":8},"end":{"line":8,"column":10}},"5":{"start":{"line":7,"column":8},"end":{"line":7,"column":39}},"6":{"start":{"line":10,"column":4},"end":{"line":14,"column":6}},"7":{"start":{"line":11,"column":8},"end":{"line":13,"column":10}},"8":{"start":{"line":12,"column":8},"end":{"line":12,"column":34}},"9":{"start":{"line":15,"column":4},"end":{"line":19,"column":6}},"10":{"start":{"line":16,"column":8},"end":{"line":18,"column":10}},"11":{"start":{"line":17,"column":8},"end":{"line":17,"column":30}}},"branchMap":{}},"/Users/momo/Downloads/nodejs/calculator-express-jasmine-istanbul/calculator.js":{"path":"/Users/momo/Downloads/nodejs/calculator-express-jasmine-istanbul/calculator.js","s":{"1":0,"2":0,"3":0,"4":0,"5":0,"6":0,"7":0,"8":0,"9":0},"b":{},"f":{},"fnMap":{},"statementMap":{"1":{"start":{"line":1,"column":0},"end":{"line":3,"column":1}},"2":{"start":{"line":2,"column":4},"end":{"line":2,"column":16}},"3":{"start":{"line":4,"column":0},"end":{"line":6,"column":1}},"4":{"start":{"line":5,"column":4},"end":{"line":5,"column":16}},"5":{"start":{"line":7,"column":0},"end":{"line":9,"column":1}},"6":{"start":{"line":8,"column":4},"end":{"line":8,"column":16}},"7":{"start":{"line":10,"column":0},"end":{"line":12,"column":1}},"8":{"start":{"line":11,"column":4},"end":{"line":11,"column":16}},"9":{"start":{"line":14,"column":0},"end":{"line":19,"column":1}}},"branchMap":{}},"/Users/momo/Downloads/nodejs/calculator-express-jasmine-istanbul/karma.conf.js":{"path":"/Users/momo/Downloads/nodejs/calculator-express-jasmine-istanbul/karma.conf.js","s":{"1":0,"2":0},"b":{},"f":{"1":0},"fnMap":{"1":{"name":"(anonymous_1)","line":4,"loc":{"start":{"line":4,"column":17},"end":{"line":4,"column":34}}}},"statementMap":{"1":{"start":{"line":4,"column":0},"end":{"line":68,"column":1}},"2":{"start":{"line":5,"column":2},"end":{"line":67,"column":4}}},"branchMap":{}},"/Users/momo/Downloads/nodejs/calculator-express-jasmine-istanbul/server.js":{"path":"/Users/momo/Downloads/nodejs/calculator-express-jasmine-istanbul/server.js","s":{"1":0,"2":0,"3":0,"4":0,"5":0,"6":0,"7":0,"8":0,"9":0,"10":0,"11":0,"12":0,"13":0,"14":0,"15":0,"16":0,"17":0},"b":{},"f":{},"fnMap":{},"statementMap":{"1":{"start":{"line":1,"column":0},"end":{"line":1,"column":34}},"2":{"start":{"line":2,"column":0},"end":{"line":2,"column":26}},"3":{"start":{"line":3,"column":0},"end":{"line":3,"column":31}},"4":{"start":{"line":4,"column":0},"end":{"line":4,"column":36}},"5":{"start":{"line":7,"column":0},"end":{"line":9,"column":2}},"6":{"start":{"line":8,"column":4},"end":{"line":8,"column":20}},"7":{"start":{"line":11,"column":0},"end":{"line":13,"column":2}},"8":{"start":{"line":12,"column":4},"end":{"line":12,"column":78}},"9":{"start":{"line":15,"column":0},"end":{"line":17,"column":2}},"10":{"start":{"line":16,"column":4},"end":{"line":16,"column":79}},"11":{"start":{"line":19,"column":0},"end":{"line":21,"column":2}},"12":{"start":{"line":20,"column":4},"end":{"line":20,"column":78}},"13":{"start":{"line":23,"column":0},"end":{"line":25,"column":2}},"14":{"start":{"line":24,"column":4},"end":{"line":24,"column":78}},"15":{"start":{"line":27,"column":0},"end":{"line":27,"column":34}},"16":{"start":{"line":28,"column":0},"end":{"line":30,"column":2}},"17":{"start":{"line":29,"column":4},"end":{"line":29,"column":41}}},"branchMap":{}}}