TN:
SF:/Users/momo/Downloads/nodejs/calculator-express-jasmine-istanbul/spec/specs.js
FNF:0
FNH:0
DA:1,1
DA:2,1
DA:3,1
DA:4,1
DA:12,1
DA:13,1
DA:14,1
DA:15,1
LF:8
LH:8
BRF:0
BRH:0
end_of_record
TN:
SF:/Users/momo/Downloads/nodejs/calculator-express-jasmine-istanbul/spec/serverSpec.js
FNF:0
FNH:0
DA:1,1
DA:2,1
DA:5,1
DA:6,1
DA:7,1
DA:8,1
DA:9,0
DA:12,1
DA:13,1
DA:14,1
DA:15,1
DA:18,1
DA:19,1
DA:20,1
DA:21,1
LF:15
LH:14
BRF:0
BRH:0
end_of_record
TN:
SF:/Users/momo/Downloads/nodejs/calculator-express-jasmine-istanbul/server.js
FNF:0
FNH:0
DA:1,1
DA:2,1
DA:3,1
DA:4,1
DA:7,1
DA:8,1
DA:11,1
DA:12,1
DA:15,1
DA:16,0
DA:19,1
DA:20,0
DA:23,1
DA:24,0
DA:27,1
DA:28,1
DA:29,1
DA:32,1
LF:18
LH:15
BRF:0
BRH:0
end_of_record
TN:
SF:/Users/momo/Downloads/nodejs/calculator-express-jasmine-istanbul/calculator.js
FNF:0
FNH:0
DA:1,1
DA:2,1
DA:4,1
DA:5,0
DA:7,1
DA:8,0
DA:10,1
DA:11,0
DA:14,1
LF:9
LH:6
BRF:0
BRH:0
end_of_record
